Using pre-set license
Pro License: NO

 COMMAND LINE ARGUMENTS:
/Applications/Unity/Hub/Editor/2021.1.13f1/Unity.app/Contents/MacOS/Unity
-adb2
-batchMode
-noUpm
-name
AssetImportWorker0
-projectPath
/Users/doguma/Documents/GitHub/VR_StoryTelling
-logFile
Logs/AssetImportWorker0.log
-srvPort
62669
Successfully changed project path to: /Users/doguma/Documents/GitHub/VR_StoryTelling
/Users/doguma/Documents/GitHub/VR_StoryTelling
Using Asset Import Pipeline V2.
Refreshing native plugins compatible for Editor in 114.87 ms, found 2 plugins.
Preloading 0 native plugins for Editor in 0.00 ms.
Initialize engine version: 2021.1.13f1 (a03098edbbe0)
[Subsystems] Discovering subsystems at path /Applications/Unity/Hub/Editor/2021.1.13f1/Unity.app/Contents/Resources/UnitySubsystems
[Subsystems] Discovering subsystems at path /Users/doguma/Documents/GitHub/VR_StoryTelling/Assets
GfxDevice: creating device client; threaded=0; jobified=0
2021-10-04 21:23:54.799 Unity[26692:2350085] Color LCD preferred device: AMD Radeon Pro 5500M (high power)
2021-10-04 21:23:54.799 Unity[26692:2350085] Metal devices available: 2
2021-10-04 21:23:54.799 Unity[26692:2350085] 0: AMD Radeon Pro 5500M (high power)
2021-10-04 21:23:54.799 Unity[26692:2350085] 1: Intel(R) UHD Graphics 630 (low power)
2021-10-04 21:23:54.800 Unity[26692:2350085] Using device AMD Radeon Pro 5500M (high power)
Initializing Metal device caps: AMD Radeon Pro 5500M
Initialize mono
Mono path[0] = '/Applications/Unity/Hub/Editor/2021.1.13f1/Unity.app/Contents/Managed'
Mono path[1] = '/Applications/Unity/Hub/Editor/2021.1.13f1/Unity.app/Contents/MonoBleedingEdge/lib/mono/unityjit'
Mono config path = '/Applications/Unity/Hub/Editor/2021.1.13f1/Unity.app/Contents/MonoBleedingEdge/etc'
Using monoOptions --debugger-agent=transport=dt_socket,embedding=1,server=y,suspend=n,address=127.0.0.1:56692
Begin MonoManager ReloadAssembly
Registering precompiled unity dll's ...
Register platform support module: /Applications/Unity/Hub/Editor/2021.1.13f1/Unity.app/Contents/PlaybackEngines/MacStandaloneSupport/UnityEditor.OSXStandalone.Extensions.dll
Registered in 0.000529 seconds.
Native extension for OSXStandalone target not found
Refreshing native plugins compatible for Editor in 112.21 ms, found 2 plugins.
Preloading 0 native plugins for Editor in 0.00 ms.
Mono: successfully reloaded assembly
- Completed reload, in  3.138 seconds
Domain Reload Profiling:
	ReloadAssembly (3138ms)
		BeginReloadAssembly (42ms)
			ExecutionOrderSort (0ms)
			DisableScriptedObjects (0ms)
			BackupInstance (0ms)
			ReleaseScriptingObjects (0ms)
			CreateAndSetChildDomain (1ms)
		EndReloadAssembly (626ms)
			LoadAssemblies (41ms)
			RebuildTransferFunctionScriptingTraits (0ms)
			SetupTypeCache (228ms)
			ReleaseScriptCaches (0ms)
			RebuildScriptCaches (47ms)
			SetupLoadedEditorAssemblies (293ms)
				LogAssemblyErrors (0ms)
				InitializePlatformSupportModulesInManaged (8ms)
				SetLoadedEditorAssemblies (0ms)
				RefreshPlugins (112ms)
				BeforeProcessingInitializeOnLoad (2ms)
				ProcessInitializeOnLoadAttributes (136ms)
				ProcessInitializeOnLoadMethodAttributes (34ms)
				AfterProcessingInitializeOnLoad (0ms)
				EditorAssembliesLoaded (0ms)
			ExecutionOrderSort2 (0ms)
			AwakeInstancesAfterBackupRestoration (0ms)
Platform modules already initialized, skipping
Registering precompiled user dll's ...
Registered in 0.004713 seconds.
Begin MonoManager ReloadAssembly
Symbol file LoadedFromMemory doesn't match image /Users/doguma/Documents/GitHub/VR_StoryTelling/Library/PackageCache/com.unity.visualscripting@1.6.1/Editor/VisualScripting.Core/Dependencies/DotNetZip/Unity.VisualScripting.IonicZip.dll
Symbol file LoadedFromMemory doesn't match image /Users/doguma/Documents/GitHub/VR_StoryTelling/Library/PackageCache/com.unity.visualscripting@1.6.1/Editor/VisualScripting.Core/Dependencies/YamlDotNet/Unity.VisualScripting.YamlDotNet.dll
Native extension for OSXStandalone target not found
Refreshing native plugins compatible for Editor in 1.28 ms, found 2 plugins.
Preloading 0 native plugins for Editor in 0.00 ms.
Mono: successfully reloaded assembly
- Completed reload, in  1.464 seconds
Domain Reload Profiling:
	ReloadAssembly (1465ms)
		BeginReloadAssembly (201ms)
			ExecutionOrderSort (0ms)
			DisableScriptedObjects (6ms)
			BackupInstance (0ms)
			ReleaseScriptingObjects (0ms)
			CreateAndSetChildDomain (41ms)
		EndReloadAssembly (1183ms)
			LoadAssemblies (92ms)
			RebuildTransferFunctionScriptingTraits (0ms)
			SetupTypeCache (431ms)
			ReleaseScriptCaches (1ms)
			RebuildScriptCaches (71ms)
			SetupLoadedEditorAssemblies (446ms)
				LogAssemblyErrors (0ms)
				InitializePlatformSupportModulesInManaged (7ms)
				SetLoadedEditorAssemblies (0ms)
				RefreshPlugins (1ms)
				BeforeProcessingInitializeOnLoad (93ms)
				ProcessInitializeOnLoadAttributes (336ms)
				ProcessInitializeOnLoadMethodAttributes (6ms)
				AfterProcessingInitializeOnLoad (2ms)
				EditorAssembliesLoaded (0ms)
			ExecutionOrderSort2 (0ms)
			AwakeInstancesAfterBackupRestoration (9ms)
Platform modules already initialized, skipping
========================================================================
Worker process is ready to serve import requests
Launching external process: /Applications/Unity/Hub/Editor/2021.1.13f1/Unity.app/Contents/Tools/UnityShaderCompiler
Launched and connected shader compiler UnityShaderCompiler after 0.02 seconds
Refreshing native plugins compatible for Editor in 0.81 ms, found 2 plugins.
Preloading 0 native plugins for Editor in 0.00 ms.
Unloading 3548 Unused Serialized files (Serialized files now loaded: 0)
System memory in use before: 229.8 MB.
System memory in use after: 230.0 MB.

Unloading 28 unused Assets to reduce memory usage. Loaded Objects now: 3993.
Total: 2.397356 ms (FindLiveObjects: 0.256463 ms CreateObjectMapping: 0.161251 ms MarkObjects: 1.924426 ms  DeleteObjects: 0.054425 ms)

AssetImportParameters requested are different than current active one (requested -> active):
  custom:video-decoder-ogg-theora: a1e56fd34408186e4bbccfd4996cb3dc -> 
  custom:container-muxer-webm: aa71ff27fc2769a1b78a27578f13a17b -> 
  custom:container-demuxer-webm: 4f35f7cbe854078d1ac9338744f61a02 -> 
  custom:container-demuxer-ogg: 62fdf1f143b41e24485cea50d1cbac27 -> 
  custom:video-encoder-webm-vp8: eb34c28f22e8b96e1ab97ce403110664 -> 
  custom:framework-osx-AVFoundation: e770b220cccbd017edd2c1fefb359320 -> 
  custom:video-decoder-webm-vp8: 9c59270c3fd7afecdb556c50c9e8de78 -> 
  custom:audio-decoder-ogg-vorbis: bf7c407c2cedff20999df2af8eb42d56 -> 
  custom:audio-encoder-webm-vorbis: bf7c407c2cedff20999df2af8eb42d56 -> 
========================================================================
Received Import Request.
  path: Assets/Hannah/assets/meshtint_asset/FBX/Male Outfit Fan 04.FBX
  artifactKey: Guid(e1eb05ba4e7e742da9eb4f50e69dc00d) Importer(815301076,1909f56bfc062723c751e8b465ee728b)
Start importing Assets/Hannah/assets/meshtint_asset/FBX/Male Outfit Fan 04.FBX using Guid(e1eb05ba4e7e742da9eb4f50e69dc00d) Importer(815301076,1909f56bfc062723c751e8b465ee728b)  -> (artifact id: '8595989b390880244233bc91f96b23bf') in 1.298608 seconds 
========================================================================
Received Prepare
Registering precompiled user dll's ...
Registered in 0.028836 seconds.
Begin MonoManager ReloadAssembly
Symbol file LoadedFromMemory doesn't match image /Users/doguma/Documents/GitHub/VR_StoryTelling/Library/PackageCache/com.unity.visualscripting@1.6.1/Editor/VisualScripting.Core/Dependencies/DotNetZip/Unity.VisualScripting.IonicZip.dll
Symbol file LoadedFromMemory doesn't match image /Users/doguma/Documents/GitHub/VR_StoryTelling/Library/PackageCache/com.unity.visualscripting@1.6.1/Editor/VisualScripting.Core/Dependencies/YamlDotNet/Unity.VisualScripting.YamlDotNet.dll
Native extension for OSXStandalone target not found
Refreshing native plugins compatible for Editor in 1.06 ms, found 2 plugins.
Preloading 0 native plugins for Editor in 0.00 ms.
Mono: successfully reloaded assembly
- Completed reload, in  1.496 seconds
Domain Reload Profiling:
	ReloadAssembly (1496ms)
		BeginReloadAssembly (171ms)
			ExecutionOrderSort (0ms)
			DisableScriptedObjects (5ms)
			BackupInstance (0ms)
			ReleaseScriptingObjects (0ms)
			CreateAndSetChildDomain (96ms)
		EndReloadAssembly (1243ms)
			LoadAssemblies (138ms)
			RebuildTransferFunctionScriptingTraits (0ms)
			SetupTypeCache (494ms)
			ReleaseScriptCaches (1ms)
			RebuildScriptCaches (67ms)
			SetupLoadedEditorAssemblies (401ms)
				LogAssemblyErrors (0ms)
				InitializePlatformSupportModulesInManaged (7ms)
				SetLoadedEditorAssemblies (1ms)
				RefreshPlugins (1ms)
				BeforeProcessingInitializeOnLoad (65ms)
				ProcessInitializeOnLoadAttributes (319ms)
				ProcessInitializeOnLoadMethodAttributes (6ms)
				AfterProcessingInitializeOnLoad (2ms)
				EditorAssembliesLoaded (0ms)
			ExecutionOrderSort2 (0ms)
			AwakeInstancesAfterBackupRestoration (9ms)
Platform modules already initialized, skipping
Refreshing native plugins compatible for Editor in 0.82 ms, found 2 plugins.
Preloading 0 native plugins for Editor in 0.00 ms.
Unloading 3511 Unused Serialized files (Serialized files now loaded: 0)
System memory in use before: 252.2 MB.
System memory in use after: 252.4 MB.

Unloading 23 unused Assets to reduce memory usage. Loaded Objects now: 4041.
Total: 2.355822 ms (FindLiveObjects: 0.273189 ms CreateObjectMapping: 0.161624 ms MarkObjects: 1.903106 ms  DeleteObjects: 0.016673 ms)

AssetImportParameters requested are different than current active one (requested -> active):
  custom:video-decoder-ogg-theora: a1e56fd34408186e4bbccfd4996cb3dc -> 
  custom:container-muxer-webm: aa71ff27fc2769a1b78a27578f13a17b -> 
  custom:container-demuxer-webm: 4f35f7cbe854078d1ac9338744f61a02 -> 
  custom:container-demuxer-ogg: 62fdf1f143b41e24485cea50d1cbac27 -> 
  custom:video-encoder-webm-vp8: eb34c28f22e8b96e1ab97ce403110664 -> 
  custom:framework-osx-AVFoundation: e770b220cccbd017edd2c1fefb359320 -> 
  custom:video-decoder-webm-vp8: 9c59270c3fd7afecdb556c50c9e8de78 -> 
  custom:audio-decoder-ogg-vorbis: bf7c407c2cedff20999df2af8eb42d56 -> 
  custom:audio-encoder-webm-vorbis: bf7c407c2cedff20999df2af8eb42d56 -> 
========================================================================
Received Import Request.
  Time since last request: 2119.171413 seconds.
  path: Assets/Hannah/materials/waypoint color.mat
  artifactKey: Guid(6e355cd0d07c24f66a132584ce984a68) Importer(815301076,1909f56bfc062723c751e8b465ee728b)
Start importing Assets/Hannah/materials/waypoint color.mat using Guid(6e355cd0d07c24f66a132584ce984a68) Importer(815301076,1909f56bfc062723c751e8b465ee728b)  -> (artifact id: '8b93b359f28183bdacc21e48f6eef45f') in 0.393764 seconds 
========================================================================
Received Import Request.
  Time since last request: 6.819143 seconds.
  path: Assets/Hannah/materials/wall color.mat
  artifactKey: Guid(6e355cd0d07c24f66a132584ce984a68) Importer(815301076,1909f56bfc062723c751e8b465ee728b)
Start importing Assets/Hannah/materials/wall color.mat using Guid(6e355cd0d07c24f66a132584ce984a68) Importer(815301076,1909f56bfc062723c751e8b465ee728b)  -> (artifact id: 'fadf5004773e6f2f81a25ddcda7d6a54') in 0.012486 seconds 
========================================================================
Received Import Request.
  Time since last request: 220.180172 seconds.
  path: Assets/Hannah/scenes/Scene Indoor.unity
  artifactKey: Guid(a6a375bab74ca2e4286e6a3faf3ffeba) Importer(815301076,1909f56bfc062723c751e8b465ee728b)
Start importing Assets/Hannah/scenes/Scene Indoor.unity using Guid(a6a375bab74ca2e4286e6a3faf3ffeba) Importer(815301076,1909f56bfc062723c751e8b465ee728b)  -> (artifact id: 'bc360f250dde0363288fdb59bf932d91') in 0.001759 seconds 
========================================================================
Received Import Request.
  Time since last request: 10.599886 seconds.
  path: Assets/Hannah/scenes/Experimental Scene.unity
  artifactKey: Guid(a6a375bab74ca2e4286e6a3faf3ffeba) Importer(815301076,1909f56bfc062723c751e8b465ee728b)
Start importing Assets/Hannah/scenes/Experimental Scene.unity using Guid(a6a375bab74ca2e4286e6a3faf3ffeba) Importer(815301076,1909f56bfc062723c751e8b465ee728b)  -> (artifact id: '932d518f86eaa4cf3df8fa2cf0685dec') in 0.001369 seconds 
========================================================================
Received Import Request.
  Time since last request: 2.356687 seconds.
  path: Assets/Hannah/scenes/Scene Indoor
  artifactKey: Guid(fbbb08cc6f54149d0a3b43e229dce977) Importer(815301076,1909f56bfc062723c751e8b465ee728b)
Start importing Assets/Hannah/scenes/Scene Indoor using Guid(fbbb08cc6f54149d0a3b43e229dce977) Importer(815301076,1909f56bfc062723c751e8b465ee728b)  -> (artifact id: 'e2ac485eaa7ac6866825f56940d7839e') in 0.001215 seconds 
========================================================================
Received Import Request.
  Time since last request: 0.037202 seconds.
  path: Assets/Hannah/scenes/Scene Indoor/NavMesh-NavMesh 1.asset
  artifactKey: Guid(c5d726813ec9d454e9a7c45491aac8c1) Importer(815301076,1909f56bfc062723c751e8b465ee728b)
Start importing Assets/Hannah/scenes/Scene Indoor/NavMesh-NavMesh 1.asset using Guid(c5d726813ec9d454e9a7c45491aac8c1) Importer(815301076,1909f56bfc062723c751e8b465ee728b)  -> (artifact id: '77ce4db882a66f11a8e2701b73078e69') in 0.170780 seconds 
========================================================================
Received Import Request.
  Time since last request: 0.000205 seconds.
  path: Assets/Hannah/scenes/Scene Indoor/NavMesh-NavMesh.asset
  artifactKey: Guid(7f23cacd44a9d4ec7828018d3040322d) Importer(815301076,1909f56bfc062723c751e8b465ee728b)
Start importing Assets/Hannah/scenes/Scene Indoor/NavMesh-NavMesh.asset using Guid(7f23cacd44a9d4ec7828018d3040322d) Importer(815301076,1909f56bfc062723c751e8b465ee728b)  -> (artifact id: 'b7b1d204c4b8dbab8146c6d1db53a383') in 0.003879 seconds 
========================================================================
Received Import Request.
  Time since last request: 424.132204 seconds.
  path: Assets/Hannah/assets/trajectories UnityAI/Tanks.unity
  artifactKey: Guid(880344dbb252a4b3a86607b9890c7228) Importer(815301076,1909f56bfc062723c751e8b465ee728b)
Start importing Assets/Hannah/assets/trajectories UnityAI/Tanks.unity using Guid(880344dbb252a4b3a86607b9890c7228) Importer(815301076,1909f56bfc062723c751e8b465ee728b)  -> (artifact id: 'fb21a3d2908668187b83c4bd8b5e437d') in 0.002519 seconds 
========================================================================
Received Import Request.
  Time since last request: 6.321248 seconds.
  path: Assets/Hannah/assets/trajectories UnityAI/Models/Red.mat
  artifactKey: Guid(779faaa7659374a07984d4f51f044a29) Importer(815301076,1909f56bfc062723c751e8b465ee728b)
Start importing Assets/Hannah/assets/trajectories UnityAI/Models/Red.mat using Guid(779faaa7659374a07984d4f51f044a29) Importer(815301076,1909f56bfc062723c751e8b465ee728b)  -> (artifact id: 'e100efebe3e69006476aee342c492ccb') in 0.010778 seconds 
========================================================================
Received Import Request.
  Time since last request: 58.936674 seconds.
  path: Assets/Hannah/assets/meshtint_asset/00 Tutorials
  artifactKey: Guid(f9fd3b9eeca4e458b8df591c60ab9d6d) Importer(815301076,1909f56bfc062723c751e8b465ee728b)
Start importing Assets/Hannah/assets/meshtint_asset/00 Tutorials using Guid(f9fd3b9eeca4e458b8df591c60ab9d6d) Importer(815301076,1909f56bfc062723c751e8b465ee728b)  -> (artifact id: 'e01217615e1d50cef7db2d4f9548486b') in 0.002229 seconds 
========================================================================
Received Import Request.
  Time since last request: 38.520728 seconds.
  path: Assets/Hannah/assets/House_of_Color_C_Green
  artifactKey: Guid(b213dea2f922ee34c9161d8c1fdea4fb) Importer(815301076,1909f56bfc062723c751e8b465ee728b)
Start importing Assets/Hannah/assets/House_of_Color_C_Green using Guid(b213dea2f922ee34c9161d8c1fdea4fb) Importer(815301076,1909f56bfc062723c751e8b465ee728b)  -> (artifact id: 'a67d76b4bb5ce9fd7115bba408526057') in 0.002199 seconds 
========================================================================
Received Import Request.
  Time since last request: 1.922533 seconds.
  path: Assets/Hannah/assets/House_of_Color_C_Green/Materials
  artifactKey: Guid(7f47483527ebfc040b31e9c743179321) Importer(815301076,1909f56bfc062723c751e8b465ee728b)
Start importing Assets/Hannah/assets/House_of_Color_C_Green/Materials using Guid(7f47483527ebfc040b31e9c743179321) Importer(815301076,1909f56bfc062723c751e8b465ee728b)  -> (artifact id: '992d71dd0fb6999f436c7becb82193db') in 0.001165 seconds 
========================================================================
Received Import Request.
  Time since last request: 0.055582 seconds.
  path: Assets/Hannah/assets/House_of_Color_C_Green/Materials/House_C_Materials.mat
  artifactKey: Guid(40da946655c93464783e3f4c9e7bce4d) Importer(815301076,1909f56bfc062723c751e8b465ee728b)
Start importing Assets/Hannah/assets/House_of_Color_C_Green/Materials/House_C_Materials.mat using Guid(40da946655c93464783e3f4c9e7bce4d) Importer(815301076,1909f56bfc062723c751e8b465ee728b)  -> (artifact id: '24fe19193194bbf6e3ffa5990367f463') in 0.182899 seconds 
========================================================================
Received Import Request.
  Time since last request: 6.871233 seconds.
  path: Assets/Hannah/assets/brackeys_asset/Ground.mat
  artifactKey: Guid(3f3eb11f68c607144aa56d9f83cd26c9) Importer(815301076,1909f56bfc062723c751e8b465ee728b)
Start importing Assets/Hannah/assets/brackeys_asset/Ground.mat using Guid(3f3eb11f68c607144aa56d9f83cd26c9) Importer(815301076,1909f56bfc062723c751e8b465ee728b)  -> (artifact id: 'f8130545d5d4c53d3c5e0197505fb022') in 0.010715 seconds 
========================================================================
Received Prepare
Registering precompiled user dll's ...
Registered in 0.018932 seconds.
Begin MonoManager ReloadAssembly
Symbol file LoadedFromMemory doesn't match image /Users/doguma/Documents/GitHub/VR_StoryTelling/Library/PackageCache/com.unity.visualscripting@1.6.1/Editor/VisualScripting.Core/Dependencies/DotNetZip/Unity.VisualScripting.IonicZip.dll
Symbol file LoadedFromMemory doesn't match image /Users/doguma/Documents/GitHub/VR_StoryTelling/Library/PackageCache/com.unity.visualscripting@1.6.1/Editor/VisualScripting.Core/Dependencies/YamlDotNet/Unity.VisualScripting.YamlDotNet.dll
Native extension for OSXStandalone target not found
Refreshing native plugins compatible for Editor in 0.99 ms, found 2 plugins.
Preloading 0 native plugins for Editor in 0.00 ms.
Mono: successfully reloaded assembly
- Completed reload, in  1.373 seconds
Domain Reload Profiling:
	ReloadAssembly (1373ms)
		BeginReloadAssembly (194ms)
			ExecutionOrderSort (0ms)
			DisableScriptedObjects (5ms)
			BackupInstance (0ms)
			ReleaseScriptingObjects (0ms)
			CreateAndSetChildDomain (115ms)
		EndReloadAssembly (1100ms)
			LoadAssemblies (129ms)
			RebuildTransferFunctionScriptingTraits (0ms)
			SetupTypeCache (421ms)
			ReleaseScriptCaches (1ms)
			RebuildScriptCaches (66ms)
			SetupLoadedEditorAssemblies (343ms)
				LogAssemblyErrors (0ms)
				InitializePlatformSupportModulesInManaged (5ms)
				SetLoadedEditorAssemblies (0ms)
				RefreshPlugins (1ms)
				BeforeProcessingInitializeOnLoad (54ms)
				ProcessInitializeOnLoadAttributes (276ms)
				ProcessInitializeOnLoadMethodAttributes (5ms)
				AfterProcessingInitializeOnLoad (1ms)
				EditorAssembliesLoaded (0ms)
			ExecutionOrderSort2 (0ms)
			AwakeInstancesAfterBackupRestoration (9ms)
Platform modules already initialized, skipping
Refreshing native plugins compatible for Editor in 0.92 ms, found 2 plugins.
Preloading 0 native plugins for Editor in 0.00 ms.
Unloading 3524 Unused Serialized files (Serialized files now loaded: 0)
System memory in use before: 274.9 MB.
System memory in use after: 268.8 MB.

Unloading 32 unused Assets to reduce memory usage. Loaded Objects now: 4059.
Total: 4.759006 ms (FindLiveObjects: 0.262553 ms CreateObjectMapping: 0.169280 ms MarkObjects: 2.337793 ms  DeleteObjects: 1.988180 ms)

AssetImportParameters requested are different than current active one (requested -> active):
  custom:video-decoder-ogg-theora: a1e56fd34408186e4bbccfd4996cb3dc -> 
  custom:container-muxer-webm: aa71ff27fc2769a1b78a27578f13a17b -> 
  custom:container-demuxer-webm: 4f35f7cbe854078d1ac9338744f61a02 -> 
  custom:container-demuxer-ogg: 62fdf1f143b41e24485cea50d1cbac27 -> 
  custom:video-encoder-webm-vp8: eb34c28f22e8b96e1ab97ce403110664 -> 
  custom:framework-osx-AVFoundation: e770b220cccbd017edd2c1fefb359320 -> 
  custom:video-decoder-webm-vp8: 9c59270c3fd7afecdb556c50c9e8de78 -> 
  custom:audio-decoder-ogg-vorbis: bf7c407c2cedff20999df2af8eb42d56 -> 
  custom:audio-encoder-webm-vorbis: bf7c407c2cedff20999df2af8eb42d56 -> 
========================================================================
Received Prepare
Registering precompiled user dll's ...
Registered in 0.015727 seconds.
Begin MonoManager ReloadAssembly
Symbol file LoadedFromMemory doesn't match image /Users/doguma/Documents/GitHub/VR_StoryTelling/Library/PackageCache/com.unity.visualscripting@1.6.1/Editor/VisualScripting.Core/Dependencies/DotNetZip/Unity.VisualScripting.IonicZip.dll
Symbol file LoadedFromMemory doesn't match image /Users/doguma/Documents/GitHub/VR_StoryTelling/Library/PackageCache/com.unity.visualscripting@1.6.1/Editor/VisualScripting.Core/Dependencies/YamlDotNet/Unity.VisualScripting.YamlDotNet.dll
Native extension for OSXStandalone target not found
Refreshing native plugins compatible for Editor in 0.84 ms, found 2 plugins.
Preloading 0 native plugins for Editor in 0.00 ms.
Mono: successfully reloaded assembly
- Completed reload, in  1.253 seconds
Domain Reload Profiling:
	ReloadAssembly (1253ms)
		BeginReloadAssembly (137ms)
			ExecutionOrderSort (0ms)
			DisableScriptedObjects (6ms)
			BackupInstance (0ms)
			ReleaseScriptingObjects (0ms)
			CreateAndSetChildDomain (74ms)
		EndReloadAssembly (1046ms)
			LoadAssemblies (78ms)
			RebuildTransferFunctionScriptingTraits (0ms)
			SetupTypeCache (423ms)
			ReleaseScriptCaches (1ms)
			RebuildScriptCaches (58ms)
			SetupLoadedEditorAssemblies (357ms)
				LogAssemblyErrors (0ms)
				InitializePlatformSupportModulesInManaged (5ms)
				SetLoadedEditorAssemblies (0ms)
				RefreshPlugins (1ms)
				BeforeProcessingInitializeOnLoad (57ms)
				ProcessInitializeOnLoadAttributes (286ms)
				ProcessInitializeOnLoadMethodAttributes (5ms)
				AfterProcessingInitializeOnLoad (2ms)
				EditorAssembliesLoaded (1ms)
			ExecutionOrderSort2 (0ms)
			AwakeInstancesAfterBackupRestoration (8ms)
Platform modules already initialized, skipping
Refreshing native plugins compatible for Editor in 0.96 ms, found 2 plugins.
Preloading 0 native plugins for Editor in 0.00 ms.
Unloading 3523 Unused Serialized files (Serialized files now loaded: 0)
System memory in use before: 275.5 MB.
System memory in use after: 269.4 MB.

Unloading 32 unused Assets to reduce memory usage. Loaded Objects now: 4063.
Total: 5.079900 ms (FindLiveObjects: 0.243092 ms CreateObjectMapping: 0.148101 ms MarkObjects: 1.869091 ms  DeleteObjects: 2.818740 ms)

AssetImportParameters requested are different than current active one (requested -> active):
  custom:video-decoder-ogg-theora: a1e56fd34408186e4bbccfd4996cb3dc -> 
  custom:container-muxer-webm: aa71ff27fc2769a1b78a27578f13a17b -> 
  custom:container-demuxer-webm: 4f35f7cbe854078d1ac9338744f61a02 -> 
  custom:container-demuxer-ogg: 62fdf1f143b41e24485cea50d1cbac27 -> 
  custom:video-encoder-webm-vp8: eb34c28f22e8b96e1ab97ce403110664 -> 
  custom:framework-osx-AVFoundation: e770b220cccbd017edd2c1fefb359320 -> 
  custom:video-decoder-webm-vp8: 9c59270c3fd7afecdb556c50c9e8de78 -> 
  custom:audio-decoder-ogg-vorbis: bf7c407c2cedff20999df2af8eb42d56 -> 
  custom:audio-encoder-webm-vorbis: bf7c407c2cedff20999df2af8eb42d56 -> 
========================================================================
Received Import Request.
  Time since last request: 586.646493 seconds.
  path: Assets/Hannah/assets/Distant Lands/Athazagoraphobia - Stylized Jungle/Scenes/Terrain/Bamboo Jungle Terrain.asset
  artifactKey: Guid(a44e17661073b7242bba6437d623854a) Importer(815301076,1909f56bfc062723c751e8b465ee728b)
Start importing Assets/Hannah/assets/Distant Lands/Athazagoraphobia - Stylized Jungle/Scenes/Terrain/Bamboo Jungle Terrain.asset using Guid(a44e17661073b7242bba6437d623854a) Importer(815301076,1909f56bfc062723c751e8b465ee728b)  -> (artifact id: '46045d80948bbdcf5990e2bf1a37a295') in 0.072240 seconds 
========================================================================
Received Import Request.
  Time since last request: 0.000287 seconds.
  path: Assets/Hannah/assets/Distant Lands/Athazagoraphobia - Stylized Jungle/Scenes/Terrain/Cliffside Village Terrain.asset
  artifactKey: Guid(ac2ac393830b7994aaef7d96e92fcc49) Importer(815301076,1909f56bfc062723c751e8b465ee728b)
Start importing Assets/Hannah/assets/Distant Lands/Athazagoraphobia - Stylized Jungle/Scenes/Terrain/Cliffside Village Terrain.asset using Guid(ac2ac393830b7994aaef7d96e92fcc49) Importer(815301076,1909f56bfc062723c751e8b465ee728b)  -> (artifact id: 'e9dc3aab6cc0ddf71201290a993611cf') in 0.021370 seconds 
========================================================================
Received Import Request.
  Time since last request: 0.000150 seconds.
  path: Assets/Hannah/assets/Distant Lands/Athazagoraphobia - Stylized Jungle/Scenes/Terrain/Dirt.terrainlayer
  artifactKey: Guid(13face35f414145439cdb013c18d305a) Importer(815301076,1909f56bfc062723c751e8b465ee728b)
Start importing Assets/Hannah/assets/Distant Lands/Athazagoraphobia - Stylized Jungle/Scenes/Terrain/Dirt.terrainlayer using Guid(13face35f414145439cdb013c18d305a) Importer(815301076,1909f56bfc062723c751e8b465ee728b)  -> (artifact id: 'dd142eafacbda35c817cc638e790bb6f') in 0.195775 seconds 
========================================================================
Received Import Request.
  Time since last request: 0.000207 seconds.
  path: Assets/Hannah/assets/Distant Lands/Athazagoraphobia - Stylized Jungle/Scenes/Terrain/Grass.terrainlayer
  artifactKey: Guid(e7143d5b92b57054cbe6990b46bfa98e) Importer(815301076,1909f56bfc062723c751e8b465ee728b)
Start importing Assets/Hannah/assets/Distant Lands/Athazagoraphobia - Stylized Jungle/Scenes/Terrain/Grass.terrainlayer using Guid(e7143d5b92b57054cbe6990b46bfa98e) Importer(815301076,1909f56bfc062723c751e8b465ee728b)  -> (artifact id: '1a599cb7d23ad287430b3159e4aed0f4') in 0.015859 seconds 
========================================================================
Received Import Request.
  Time since last request: 0.000193 seconds.
  path: Assets/Hannah/assets/Distant Lands/Athazagoraphobia - Stylized Jungle/Scenes/Terrain/Jungle Temples Terrain.asset
  artifactKey: Guid(9eecc420544aa1e4b9f50a2a3e61cd3e) Importer(815301076,1909f56bfc062723c751e8b465ee728b)
Start importing Assets/Hannah/assets/Distant Lands/Athazagoraphobia - Stylized Jungle/Scenes/Terrain/Jungle Temples Terrain.asset using Guid(9eecc420544aa1e4b9f50a2a3e61cd3e) Importer(815301076,1909f56bfc062723c751e8b465ee728b)  -> (artifact id: '58dcbd291fb3522388b9cadc82b8fae0') in 0.024976 seconds 
========================================================================
Received Import Request.
  Time since last request: 8.156549 seconds.
  path: Assets/Hannah/assets/Distant Lands/Athazagoraphobia - Stylized Jungle/Post FX/Post FX.asset
  artifactKey: Guid(ac494d5ee5ab088449f8f798fbc92869) Importer(815301076,1909f56bfc062723c751e8b465ee728b)
Start importing Assets/Hannah/assets/Distant Lands/Athazagoraphobia - Stylized Jungle/Post FX/Post FX.asset using Guid(ac494d5ee5ab088449f8f798fbc92869) Importer(815301076,1909f56bfc062723c751e8b465ee728b)  -> (artifact id: 'ccd6766a8996d6b4408b36dac44e33eb') in 0.006507 seconds 
========================================================================
Received Prepare
Registering precompiled user dll's ...
Registered in 0.022344 seconds.
Begin MonoManager ReloadAssembly
Symbol file LoadedFromMemory doesn't match image /Users/doguma/Documents/GitHub/VR_StoryTelling/Library/PackageCache/com.unity.visualscripting@1.6.1/Editor/VisualScripting.Core/Dependencies/DotNetZip/Unity.VisualScripting.IonicZip.dll
Symbol file LoadedFromMemory doesn't match image /Users/doguma/Documents/GitHub/VR_StoryTelling/Library/PackageCache/com.unity.visualscripting@1.6.1/Editor/VisualScripting.Core/Dependencies/YamlDotNet/Unity.VisualScripting.YamlDotNet.dll
Native extension for OSXStandalone target not found
Refreshing native plugins compatible for Editor in 1.07 ms, found 2 plugins.
Preloading 0 native plugins for Editor in 0.00 ms.
Mono: successfully reloaded assembly
- Completed reload, in  1.416 seconds
Domain Reload Profiling:
	ReloadAssembly (1416ms)
		BeginReloadAssembly (142ms)
			ExecutionOrderSort (0ms)
			DisableScriptedObjects (5ms)
			BackupInstance (0ms)
			ReleaseScriptingObjects (0ms)
			CreateAndSetChildDomain (73ms)
		EndReloadAssembly (1202ms)
			LoadAssemblies (126ms)
			RebuildTransferFunctionScriptingTraits (0ms)
			SetupTypeCache (478ms)
			ReleaseScriptCaches (2ms)
			RebuildScriptCaches (80ms)
			SetupLoadedEditorAssemblies (359ms)
				LogAssemblyErrors (0ms)
				InitializePlatformSupportModulesInManaged (6ms)
				SetLoadedEditorAssemblies (0ms)
				RefreshPlugins (1ms)
				BeforeProcessingInitializeOnLoad (60ms)
				ProcessInitializeOnLoadAttributes (285ms)
				ProcessInitializeOnLoadMethodAttributes (5ms)
				AfterProcessingInitializeOnLoad (1ms)
				EditorAssembliesLoaded (0ms)
			ExecutionOrderSort2 (0ms)
			AwakeInstancesAfterBackupRestoration (14ms)
Platform modules already initialized, skipping
Refreshing native plugins compatible for Editor in 1.04 ms, found 2 plugins.
Preloading 0 native plugins for Editor in 0.00 ms.
Unloading 3526 Unused Serialized files (Serialized files now loaded: 0)
System memory in use before: 285.5 MB.
System memory in use after: 279.3 MB.

Unloading 32 unused Assets to reduce memory usage. Loaded Objects now: 4116.
Total: 5.317675 ms (FindLiveObjects: 0.276307 ms CreateObjectMapping: 0.175707 ms MarkObjects: 2.607161 ms  DeleteObjects: 2.257196 ms)

AssetImportParameters requested are different than current active one (requested -> active):
  custom:video-decoder-ogg-theora: a1e56fd34408186e4bbccfd4996cb3dc -> 
  custom:container-muxer-webm: aa71ff27fc2769a1b78a27578f13a17b -> 
  custom:container-demuxer-webm: 4f35f7cbe854078d1ac9338744f61a02 -> 
  custom:container-demuxer-ogg: 62fdf1f143b41e24485cea50d1cbac27 -> 
  custom:video-encoder-webm-vp8: eb34c28f22e8b96e1ab97ce403110664 -> 
  custom:framework-osx-AVFoundation: e770b220cccbd017edd2c1fefb359320 -> 
  custom:video-decoder-webm-vp8: 9c59270c3fd7afecdb556c50c9e8de78 -> 
  custom:audio-decoder-ogg-vorbis: bf7c407c2cedff20999df2af8eb42d56 -> 
  custom:audio-encoder-webm-vorbis: bf7c407c2cedff20999df2af8eb42d56 -> 
========================================================================
Received Prepare
Registering precompiled user dll's ...
Registered in 0.026288 seconds.
Begin MonoManager ReloadAssembly
Symbol file LoadedFromMemory doesn't match image /Users/doguma/Documents/GitHub/VR_StoryTelling/Library/PackageCache/com.unity.visualscripting@1.6.1/Editor/VisualScripting.Core/Dependencies/DotNetZip/Unity.VisualScripting.IonicZip.dll
Symbol file LoadedFromMemory doesn't match image /Users/doguma/Documents/GitHub/VR_StoryTelling/Library/PackageCache/com.unity.visualscripting@1.6.1/Editor/VisualScripting.Core/Dependencies/YamlDotNet/Unity.VisualScripting.YamlDotNet.dll
Native extension for OSXStandalone target not found
Refreshing native plugins compatible for Editor in 0.91 ms, found 2 plugins.
Preloading 0 native plugins for Editor in 0.00 ms.
Mono: successfully reloaded assembly
- Completed reload, in  1.365 seconds
Domain Reload Profiling:
	ReloadAssembly (1365ms)
		BeginReloadAssembly (145ms)
			ExecutionOrderSort (0ms)
			DisableScriptedObjects (9ms)
			BackupInstance (0ms)
			ReleaseScriptingObjects (0ms)
			CreateAndSetChildDomain (75ms)
		EndReloadAssembly (1150ms)
			LoadAssemblies (123ms)
			RebuildTransferFunctionScriptingTraits (0ms)
			SetupTypeCache (422ms)
			ReleaseScriptCaches (1ms)
			RebuildScriptCaches (70ms)
			SetupLoadedEditorAssemblies (385ms)
				LogAssemblyErrors (0ms)
				InitializePlatformSupportModulesInManaged (5ms)
				SetLoadedEditorAssemblies (0ms)
				RefreshPlugins (1ms)
				BeforeProcessingInitializeOnLoad (60ms)
				ProcessInitializeOnLoadAttributes (310ms)
				ProcessInitializeOnLoadMethodAttributes (6ms)
				AfterProcessingInitializeOnLoad (2ms)
				EditorAssembliesLoaded (0ms)
			ExecutionOrderSort2 (0ms)
			AwakeInstancesAfterBackupRestoration (17ms)
Platform modules already initialized, skipping
Refreshing native plugins compatible for Editor in 0.94 ms, found 2 plugins.
Preloading 0 native plugins for Editor in 0.00 ms.
Unloading 3523 Unused Serialized files (Serialized files now loaded: 0)
System memory in use before: 285.7 MB.
System memory in use after: 279.5 MB.

Unloading 32 unused Assets to reduce memory usage. Loaded Objects now: 4120.
Total: 4.374103 ms (FindLiveObjects: 0.264202 ms CreateObjectMapping: 0.178880 ms MarkObjects: 2.045845 ms  DeleteObjects: 1.884373 ms)

AssetImportParameters requested are different than current active one (requested -> active):
  custom:video-decoder-ogg-theora: a1e56fd34408186e4bbccfd4996cb3dc -> 
  custom:container-muxer-webm: aa71ff27fc2769a1b78a27578f13a17b -> 
  custom:container-demuxer-webm: 4f35f7cbe854078d1ac9338744f61a02 -> 
  custom:container-demuxer-ogg: 62fdf1f143b41e24485cea50d1cbac27 -> 
  custom:video-encoder-webm-vp8: eb34c28f22e8b96e1ab97ce403110664 -> 
  custom:framework-osx-AVFoundation: e770b220cccbd017edd2c1fefb359320 -> 
  custom:video-decoder-webm-vp8: 9c59270c3fd7afecdb556c50c9e8de78 -> 
  custom:audio-decoder-ogg-vorbis: bf7c407c2cedff20999df2af8eb42d56 -> 
  custom:audio-encoder-webm-vorbis: bf7c407c2cedff20999df2af8eb42d56 -> 
========================================================================
Received Import Request.
  Time since last request: 780.800817 seconds.
  path: Assets/Distant Lands Free Characters/Contents
  artifactKey: Guid(e06ab242b464bcb4ab72392773d7de83) Importer(815301076,1909f56bfc062723c751e8b465ee728b)
Start importing Assets/Distant Lands Free Characters/Contents using Guid(e06ab242b464bcb4ab72392773d7de83) Importer(815301076,1909f56bfc062723c751e8b465ee728b)  -> (artifact id: 'ed23b5630b275ebd729ad9fd65162ff7') in 0.005730 seconds 
========================================================================
Received Import Request.
  Time since last request: 0.705442 seconds.
  path: Assets/Distant Lands Free Characters/Contents/Materials
  artifactKey: Guid(1208d9cd5f4722c4ab718ba9a03d1fff) Importer(815301076,1909f56bfc062723c751e8b465ee728b)
Start importing Assets/Distant Lands Free Characters/Contents/Materials using Guid(1208d9cd5f4722c4ab718ba9a03d1fff) Importer(815301076,1909f56bfc062723c751e8b465ee728b)  -> (artifact id: '67844211de991f77f753888d2b5410f0') in 0.001140 seconds 
========================================================================
Received Import Request.
  Time since last request: 0.065727 seconds.
  path: Assets/Distant Lands Free Characters/Contents/Materials/Boots.mat
  artifactKey: Guid(6b75266228de9b54cb2410e1e91ed2a4) Importer(815301076,1909f56bfc062723c751e8b465ee728b)
Start importing Assets/Distant Lands Free Characters/Contents/Materials/Boots.mat using Guid(6b75266228de9b54cb2410e1e91ed2a4) Importer(815301076,1909f56bfc062723c751e8b465ee728b)  -> (artifact id: '20a8528539163ae2587ac3f2fb46fa50') in 0.058952 seconds 
========================================================================
Received Import Request.
  Time since last request: 0.000202 seconds.
  path: Assets/Distant Lands Free Characters/Contents/Materials/Hair 1.mat
  artifactKey: Guid(a4b9d3f58b80099439bedb92279c3590) Importer(815301076,1909f56bfc062723c751e8b465ee728b)
Start importing Assets/Distant Lands Free Characters/Contents/Materials/Hair 1.mat using Guid(a4b9d3f58b80099439bedb92279c3590) Importer(815301076,1909f56bfc062723c751e8b465ee728b)  -> (artifact id: '2d9e19760e5677973cb77f3010cebe3d') in 0.012877 seconds 
========================================================================
Received Import Request.
  Time since last request: 0.000183 seconds.
  path: Assets/Distant Lands Free Characters/Contents/Materials/Fabric 3.mat
  artifactKey: Guid(6425d2b4aa9744543a7391465ae1e706) Importer(815301076,1909f56bfc062723c751e8b465ee728b)
Start importing Assets/Distant Lands Free Characters/Contents/Materials/Fabric 3.mat using Guid(6425d2b4aa9744543a7391465ae1e706) Importer(815301076,1909f56bfc062723c751e8b465ee728b)  -> (artifact id: '29424b1f2b562c4638885ebc56a0e098') in 0.009968 seconds 
========================================================================
Received Import Request.
  Time since last request: 0.000183 seconds.
  path: Assets/Distant Lands Free Characters/Contents/Materials/Hair 4.mat
  artifactKey: Guid(ebe0fedcf36050348ae48d12e109f895) Importer(815301076,1909f56bfc062723c751e8b465ee728b)
Start importing Assets/Distant Lands Free Characters/Contents/Materials/Hair 4.mat using Guid(ebe0fedcf36050348ae48d12e109f895) Importer(815301076,1909f56bfc062723c751e8b465ee728b)  -> (artifact id: 'e0973cc4a666ad880415ab4ce20be76c') in 0.011571 seconds 
========================================================================
Received Import Request.
  Time since last request: 0.000188 seconds.
  path: Assets/Distant Lands Free Characters/Contents/Materials/Hair 3.mat
  artifactKey: Guid(5605e5920a541bf408757aac3099af95) Importer(815301076,1909f56bfc062723c751e8b465ee728b)
Start importing Assets/Distant Lands Free Characters/Contents/Materials/Hair 3.mat using Guid(5605e5920a541bf408757aac3099af95) Importer(815301076,1909f56bfc062723c751e8b465ee728b)  -> (artifact id: '908b548ad8939bbd11b1041469102de7') in 0.011445 seconds 
========================================================================
Received Import Request.
  Time since last request: 0.000172 seconds.
  path: Assets/Distant Lands Free Characters/Contents/Materials/Fabric 1.mat
  artifactKey: Guid(f64b913b9c029c64686fe685362dc010) Importer(815301076,1909f56bfc062723c751e8b465ee728b)
Start importing Assets/Distant Lands Free Characters/Contents/Materials/Fabric 1.mat using Guid(f64b913b9c029c64686fe685362dc010) Importer(815301076,1909f56bfc062723c751e8b465ee728b)  -> (artifact id: '584777208a8129094b21fad804bd6788') in 0.011120 seconds 
========================================================================
Received Import Request.
  Time since last request: 0.000280 seconds.
  path: Assets/Distant Lands Free Characters/Contents/Materials/Shirt 2.mat
  artifactKey: Guid(03f63bc20fb459248a4a28ac7768c324) Importer(815301076,1909f56bfc062723c751e8b465ee728b)
Start importing Assets/Distant Lands Free Characters/Contents/Materials/Shirt 2.mat using Guid(03f63bc20fb459248a4a28ac7768c324) Importer(815301076,1909f56bfc062723c751e8b465ee728b)  -> (artifact id: 'be3c261b60cb11c97645bf4df6830583') in 0.012792 seconds 
========================================================================
Received Import Request.
  Time since last request: 0.000166 seconds.
  path: Assets/Distant Lands Free Characters/Contents/Materials/Shirt 4.mat
  artifactKey: Guid(a4837fa2db3044f4ebddda971ae619f6) Importer(815301076,1909f56bfc062723c751e8b465ee728b)
Start importing Assets/Distant Lands Free Characters/Contents/Materials/Shirt 4.mat using Guid(a4837fa2db3044f4ebddda971ae619f6) Importer(815301076,1909f56bfc062723c751e8b465ee728b)  -> (artifact id: 'a2adea993a11526e37a2daf179e73500') in 0.010621 seconds 
========================================================================
Received Import Request.
  Time since last request: 0.000195 seconds.
  path: Assets/Distant Lands Free Characters/Contents/Materials/Skin 4.mat
  artifactKey: Guid(6b57555aa8704c14a8af79bd0146a466) Importer(815301076,1909f56bfc062723c751e8b465ee728b)
Start importing Assets/Distant Lands Free Characters/Contents/Materials/Skin 4.mat using Guid(6b57555aa8704c14a8af79bd0146a466) Importer(815301076,1909f56bfc062723c751e8b465ee728b)  -> (artifact id: 'cb2a25687383e9eb3733c5c42e1a96a3') in 0.011280 seconds 
========================================================================
Received Import Request.
  Time since last request: 0.000168 seconds.
  path: Assets/Distant Lands Free Characters/Contents/Materials/Shirt 1.mat
  artifactKey: Guid(e3c92db89668ebb439f67832a852a3b4) Importer(815301076,1909f56bfc062723c751e8b465ee728b)
Start importing Assets/Distant Lands Free Characters/Contents/Materials/Shirt 1.mat using Guid(e3c92db89668ebb439f67832a852a3b4) Importer(815301076,1909f56bfc062723c751e8b465ee728b)  -> (artifact id: 'e02a9a214db175b86c9c468815a2ebcb') in 0.012109 seconds 
========================================================================
Received Import Request.
  Time since last request: 0.000184 seconds.
  path: Assets/Distant Lands Free Characters/Contents/Materials/Skin 3.mat
  artifactKey: Guid(f8709670b974bb34b9bb5bde311063da) Importer(815301076,1909f56bfc062723c751e8b465ee728b)
Start importing Assets/Distant Lands Free Characters/Contents/Materials/Skin 3.mat using Guid(f8709670b974bb34b9bb5bde311063da) Importer(815301076,1909f56bfc062723c751e8b465ee728b)  -> (artifact id: 'c9b03a74dee91741084af77430672220') in 0.011270 seconds 
========================================================================
Received Import Request.
  Time since last request: 0.000194 seconds.
  path: Assets/Distant Lands Free Characters/Contents/Materials/Hair 2.mat
  artifactKey: Guid(2b11d852be6fc6643a7304ad7ee36ce9) Importer(815301076,1909f56bfc062723c751e8b465ee728b)
Start importing Assets/Distant Lands Free Characters/Contents/Materials/Hair 2.mat using Guid(2b11d852be6fc6643a7304ad7ee36ce9) Importer(815301076,1909f56bfc062723c751e8b465ee728b)  -> (artifact id: '3a9edc6bf7f493b8c264b40585273846') in 0.011095 seconds 
========================================================================
Received Import Request.
  Time since last request: 0.000193 seconds.
  path: Assets/Distant Lands Free Characters/Contents/Materials/Shirt 3.mat
  artifactKey: Guid(a33ed502185220a4d97ede3de7fd9163) Importer(815301076,1909f56bfc062723c751e8b465ee728b)
Start importing Assets/Distant Lands Free Characters/Contents/Materials/Shirt 3.mat using Guid(a33ed502185220a4d97ede3de7fd9163) Importer(815301076,1909f56bfc062723c751e8b465ee728b)  -> (artifact id: '5a876ab41e3060c843f728bf77ffea1a') in 0.014880 seconds 
========================================================================
Received Import Request.
  Time since last request: 0.000195 seconds.
  path: Assets/Distant Lands Free Characters/Contents/Materials/Skin 1.mat
  artifactKey: Guid(0cb07277ecdcb6547ad06f13b33b4736) Importer(815301076,1909f56bfc062723c751e8b465ee728b)
Start importing Assets/Distant Lands Free Characters/Contents/Materials/Skin 1.mat using Guid(0cb07277ecdcb6547ad06f13b33b4736) Importer(815301076,1909f56bfc062723c751e8b465ee728b)  -> (artifact id: 'a9f5c56390e0dd7474d6c515cd2f5e5a') in 0.011184 seconds 
========================================================================
Received Import Request.
  Time since last request: 0.000167 seconds.
  path: Assets/Distant Lands Free Characters/Contents/Materials/Fabric 2.mat
  artifactKey: Guid(95b4fabaf92645b47b01d508061fd389) Importer(815301076,1909f56bfc062723c751e8b465ee728b)
Start importing Assets/Distant Lands Free Characters/Contents/Materials/Fabric 2.mat using Guid(95b4fabaf92645b47b01d508061fd389) Importer(815301076,1909f56bfc062723c751e8b465ee728b)  -> (artifact id: 'e48129578492771a88064a8e557db452') in 0.012248 seconds 
========================================================================
Received Import Request.
  Time since last request: 0.000209 seconds.
  path: Assets/Distant Lands Free Characters/Contents/Materials/Skin 2.mat
  artifactKey: Guid(17f1bd9c4bd45454ebf9855e7dfda148) Importer(815301076,1909f56bfc062723c751e8b465ee728b)
Start importing Assets/Distant Lands Free Characters/Contents/Materials/Skin 2.mat using Guid(17f1bd9c4bd45454ebf9855e7dfda148) Importer(815301076,1909f56bfc062723c751e8b465ee728b)  -> (artifact id: '9570fbe6ae60013cec78248eb6b24b9e') in 0.011727 seconds 
========================================================================
Received Import Request.
  Time since last request: 2.873212 seconds.
  path: Assets/Distant Lands Free Characters/Scenes
  artifactKey: Guid(7a5349f29e99a0a438e2eeda0eecf5ca) Importer(815301076,1909f56bfc062723c751e8b465ee728b)
Start importing Assets/Distant Lands Free Characters/Scenes using Guid(7a5349f29e99a0a438e2eeda0eecf5ca) Importer(815301076,1909f56bfc062723c751e8b465ee728b)  -> (artifact id: '730a375b052e09da9de8c779c6504302') in 0.001153 seconds 
========================================================================
Received Import Request.
  Time since last request: 1.095580 seconds.
  path: Assets/Distant Lands Free Characters/Scenes/Demo.unity
  artifactKey: Guid(b2d389981e26b0a4c82318e8f7bab258) Importer(815301076,1909f56bfc062723c751e8b465ee728b)
Start importing Assets/Distant Lands Free Characters/Scenes/Demo.unity using Guid(b2d389981e26b0a4c82318e8f7bab258) Importer(815301076,1909f56bfc062723c751e8b465ee728b)  -> (artifact id: 'bd9a7740d74679f1ccc7fa21ae1e5988') in 0.002167 seconds 
========================================================================
Received Import Request.
  Time since last request: 64.939666 seconds.
  path: Assets/Distant Lands Free Characters/Contents/Mesh
  artifactKey: Guid(412a246803a3afc4dbab4c83f6d67e66) Importer(815301076,1909f56bfc062723c751e8b465ee728b)
Start importing Assets/Distant Lands Free Characters/Contents/Mesh using Guid(412a246803a3afc4dbab4c83f6d67e66) Importer(815301076,1909f56bfc062723c751e8b465ee728b)  -> (artifact id: '0c5044d3cf2c2d2b15c9a043f15e89c5') in 0.001075 seconds 
========================================================================
Received Import Request.
  Time since last request: 0.415778 seconds.
  path: Assets/Distant Lands Free Characters/Contents/Prefabs
  artifactKey: Guid(0d4ca26c1372cbe438263767ef30ba5a) Importer(815301076,1909f56bfc062723c751e8b465ee728b)
Start importing Assets/Distant Lands Free Characters/Contents/Prefabs using Guid(0d4ca26c1372cbe438263767ef30ba5a) Importer(815301076,1909f56bfc062723c751e8b465ee728b)  -> (artifact id: '3e103d72eba05827517e148d72cb2222') in 0.001142 seconds 
========================================================================
Received Import Request.
  Time since last request: 0.037758 seconds.
  path: Assets/Distant Lands Free Characters/Contents/Prefabs/Female 1.prefab
  artifactKey: Guid(fcabbf6dce97b4143895e121697800f1) Importer(815301076,1909f56bfc062723c751e8b465ee728b)
Start importing Assets/Distant Lands Free Characters/Contents/Prefabs/Female 1.prefab using Guid(fcabbf6dce97b4143895e121697800f1) Importer(815301076,1909f56bfc062723c751e8b465ee728b)  -> (artifact id: '2bb0da9dcc65c7c1820115933cfed4aa') in 0.278780 seconds 
========================================================================
Received Import Request.
  Time since last request: 0.000289 seconds.
  path: Assets/Distant Lands Free Characters/Contents/Prefabs/Female 3.prefab
  artifactKey: Guid(59b9fc048e4b5184bbd6bb8efc356091) Importer(815301076,1909f56bfc062723c751e8b465ee728b)
Start importing Assets/Distant Lands Free Characters/Contents/Prefabs/Female 3.prefab using Guid(59b9fc048e4b5184bbd6bb8efc356091) Importer(815301076,1909f56bfc062723c751e8b465ee728b)  -> (artifact id: '3df559bd474e55bdc6da035de3d63966') in 0.016911 seconds 
========================================================================
Received Import Request.
  Time since last request: 0.000195 seconds.
  path: Assets/Distant Lands Free Characters/Contents/Prefabs/Female 2.prefab
  artifactKey: Guid(3ef454cc035adc1489a9aec1f5a10d55) Importer(815301076,1909f56bfc062723c751e8b465ee728b)
Start importing Assets/Distant Lands Free Characters/Contents/Prefabs/Female 2.prefab using Guid(3ef454cc035adc1489a9aec1f5a10d55) Importer(815301076,1909f56bfc062723c751e8b465ee728b)  -> (artifact id: '8c78b72594c7e6defc2667ebc67a1060') in 0.016078 seconds 
========================================================================
Received Import Request.
  Time since last request: 0.000215 seconds.
  path: Assets/Distant Lands Free Characters/Contents/Prefabs/Female 4.prefab
  artifactKey: Guid(bda9b0031f8f38e4e98e7780f1fea9b8) Importer(815301076,1909f56bfc062723c751e8b465ee728b)
Start importing Assets/Distant Lands Free Characters/Contents/Prefabs/Female 4.prefab using Guid(bda9b0031f8f38e4e98e7780f1fea9b8) Importer(815301076,1909f56bfc062723c751e8b465ee728b)  -> (artifact id: 'f03016e7c3bb50471d21fc7718673110') in 0.017136 seconds 
========================================================================
Received Import Request.
  Time since last request: 0.000223 seconds.
  path: Assets/Distant Lands Free Characters/Contents/Prefabs/Male 1.prefab
  artifactKey: Guid(5da73550c90a266498e0fcd9c6437148) Importer(815301076,1909f56bfc062723c751e8b465ee728b)
Start importing Assets/Distant Lands Free Characters/Contents/Prefabs/Male 1.prefab using Guid(5da73550c90a266498e0fcd9c6437148) Importer(815301076,1909f56bfc062723c751e8b465ee728b)  -> (artifact id: '9ebcc0fe7bd8ae39c528895304afb7b1') in 0.017838 seconds 
========================================================================
Received Import Request.
  Time since last request: 0.000184 seconds.
  path: Assets/Distant Lands Free Characters/Contents/Prefabs/Male 3.prefab
  artifactKey: Guid(619f88d1e87438a43a166f80364f0fd4) Importer(815301076,1909f56bfc062723c751e8b465ee728b)
Start importing Assets/Distant Lands Free Characters/Contents/Prefabs/Male 3.prefab using Guid(619f88d1e87438a43a166f80364f0fd4) Importer(815301076,1909f56bfc062723c751e8b465ee728b)  -> (artifact id: 'c091d74dcab4261f484a7fe9c12b5ade') in 0.015633 seconds 
========================================================================
Received Import Request.
  Time since last request: 0.000191 seconds.
  path: Assets/Distant Lands Free Characters/Contents/Prefabs/Male 2.prefab
  artifactKey: Guid(730000931cae1454c8083362445e8f75) Importer(815301076,1909f56bfc062723c751e8b465ee728b)
Start importing Assets/Distant Lands Free Characters/Contents/Prefabs/Male 2.prefab using Guid(730000931cae1454c8083362445e8f75) Importer(815301076,1909f56bfc062723c751e8b465ee728b)  -> (artifact id: '382bf337ca02ce857388da25c2ac807c') in 0.013509 seconds 
========================================================================
Received Import Request.
  Time since last request: 0.000187 seconds.
  path: Assets/Distant Lands Free Characters/Contents/Prefabs/Male 4.prefab
  artifactKey: Guid(96c1702b56fa5a7488457a6a515ac58e) Importer(815301076,1909f56bfc062723c751e8b465ee728b)
Start importing Assets/Distant Lands Free Characters/Contents/Prefabs/Male 4.prefab using Guid(96c1702b56fa5a7488457a6a515ac58e) Importer(815301076,1909f56bfc062723c751e8b465ee728b)  -> (artifact id: '855e7cb66c977237a91d4a21f9b26c60') in 0.014950 seconds 
========================================================================
Received Import Request.
  Time since last request: 7.932673 seconds.
  path: Assets/Distant Lands Free Characters/Contents/Mesh/Female Hands.fbx
  artifactKey: Guid(d9979e9ec1784f8418ec3118f7edb3b2) Importer(815301076,1909f56bfc062723c751e8b465ee728b)
Start importing Assets/Distant Lands Free Characters/Contents/Mesh/Female Hands.fbx using Guid(d9979e9ec1784f8418ec3118f7edb3b2) Importer(815301076,1909f56bfc062723c751e8b465ee728b)  -> (artifact id: '923185b98992f745b1efc19b17d4f6b4') in 0.256027 seconds 
========================================================================
Received Import Request.
  Time since last request: 0.000226 seconds.
  path: Assets/Distant Lands Free Characters/Contents/Mesh/Male Hands.fbx
  artifactKey: Guid(6ff98783d10689e4199627949324d20f) Importer(815301076,1909f56bfc062723c751e8b465ee728b)
Start importing Assets/Distant Lands Free Characters/Contents/Mesh/Male Hands.fbx using Guid(6ff98783d10689e4199627949324d20f) Importer(815301076,1909f56bfc062723c751e8b465ee728b)  -> (artifact id: 'b378da97626cd234057f925080f0d64e') in 0.081221 seconds 
========================================================================
Received Import Request.
  Time since last request: 0.000132 seconds.
  path: Assets/Distant Lands Free Characters/Contents/Mesh/Male.fbx
  artifactKey: Guid(8c28075e6e1a5c34ca899fd618879dd4) Importer(815301076,1909f56bfc062723c751e8b465ee728b)
Start importing Assets/Distant Lands Free Characters/Contents/Mesh/Male.fbx using Guid(8c28075e6e1a5c34ca899fd618879dd4) Importer(815301076,1909f56bfc062723c751e8b465ee728b)  -> (artifact id: '9e492e971ac936f4c98f40775702ba55') in 0.078638 seconds 
========================================================================
Received Import Request.
  Time since last request: 0.000165 seconds.
  path: Assets/Distant Lands Free Characters/Contents/Mesh/Female.fbx
  artifactKey: Guid(dc1dacc99c42993499b968409533f7cb) Importer(815301076,1909f56bfc062723c751e8b465ee728b)
Start importing Assets/Distant Lands Free Characters/Contents/Mesh/Female.fbx using Guid(dc1dacc99c42993499b968409533f7cb) Importer(815301076,1909f56bfc062723c751e8b465ee728b)  -> (artifact id: '45e8248c1d1023976bdae6cebbcb3de6') in 0.067763 seconds 
========================================================================
Received Import Request.
  Time since last request: 131.991816 seconds.
  path: Assets/Hannah/scenes/Experimental Scene.unity
  artifactKey: Guid(a6a375bab74ca2e4286e6a3faf3ffeba) Importer(815301076,1909f56bfc062723c751e8b465ee728b)
Start importing Assets/Hannah/scenes/Experimental Scene.unity using Guid(a6a375bab74ca2e4286e6a3faf3ffeba) Importer(815301076,1909f56bfc062723c751e8b465ee728b)  -> (artifact id: '801e01f5accfcf1fa21b6026641448bb') in 0.001794 seconds 
========================================================================
Received Import Request.
  Time since last request: 3.129843 seconds.
  path: Assets/Hannah/scenes/Bamboo Jungle.unity
  artifactKey: Guid(01a0fb9bb70072c4eb35805e56eb29b2) Importer(815301076,1909f56bfc062723c751e8b465ee728b)
Start importing Assets/Hannah/scenes/Bamboo Jungle.unity using Guid(01a0fb9bb70072c4eb35805e56eb29b2) Importer(815301076,1909f56bfc062723c751e8b465ee728b)  -> (artifact id: '66d5cde9f4e5b4d3215a92c8aa7b58ae') in 0.002491 seconds 
========================================================================
Received Import Request.
  Time since last request: 129.508767 seconds.
  path: Assets/Hannah/materials/wall color.mat
  artifactKey: Guid(6e355cd0d07c24f66a132584ce984a68) Importer(815301076,1909f56bfc062723c751e8b465ee728b)
Start importing Assets/Hannah/materials/wall color.mat using Guid(6e355cd0d07c24f66a132584ce984a68) Importer(815301076,1909f56bfc062723c751e8b465ee728b)  -> (artifact id: '9f566a66833bf8c21ba8d02cffb871d6') in 0.011881 seconds 
========================================================================
Received Import Request.
  Time since last request: 0.000168 seconds.
  path: Assets/Hannah/materials/waypoint color 1.mat
  artifactKey: Guid(66360286cbbf64f54be414f039bbe4ae) Importer(815301076,1909f56bfc062723c751e8b465ee728b)
Start importing Assets/Hannah/materials/waypoint color 1.mat using Guid(66360286cbbf64f54be414f039bbe4ae) Importer(815301076,1909f56bfc062723c751e8b465ee728b)  -> (artifact id: '17c3a27918c4d6be5a2f646a1bdea821') in 0.010487 seconds 
========================================================================
Received Import Request.
  Time since last request: 5.186353 seconds.
  path: Assets/Hannah/assets/Distant Lands
  artifactKey: Guid(042728e02d42840a59be2b2f683a69e5) Importer(815301076,1909f56bfc062723c751e8b465ee728b)
Start importing Assets/Hannah/assets/Distant Lands using Guid(042728e02d42840a59be2b2f683a69e5) Importer(815301076,1909f56bfc062723c751e8b465ee728b)  -> (artifact id: '6a0800885e90eaab7fd8786f52709b77') in 0.002101 seconds 
========================================================================
Received Import Request.
  Time since last request: 1.440782 seconds.
  path: Assets/Hannah/assets/Distant Lands/Athazagoraphobia - Stylized Jungle
  artifactKey: Guid(e73c4a9ed4f844251b5531d723340647) Importer(815301076,1909f56bfc062723c751e8b465ee728b)
Start importing Assets/Hannah/assets/Distant Lands/Athazagoraphobia - Stylized Jungle using Guid(e73c4a9ed4f844251b5531d723340647) Importer(815301076,1909f56bfc062723c751e8b465ee728b)  -> (artifact id: '1fad002bb618211241d049d3b823bc66') in 0.001706 seconds 
========================================================================
Received Import Request.
  Time since last request: 4.310549 seconds.
  path: Assets/Hannah/assets/Distant Lands Free Characters
  artifactKey: Guid(2fba27cd09fe143738205ebee3a53e22) Importer(815301076,1909f56bfc062723c751e8b465ee728b)
Start importing Assets/Hannah/assets/Distant Lands Free Characters using Guid(2fba27cd09fe143738205ebee3a53e22) Importer(815301076,1909f56bfc062723c751e8b465ee728b)  -> (artifact id: '71be50dc040541c78af40b6620c5912a') in 0.002073 seconds 
========================================================================
Received Import Request.
  Time since last request: 798.663589 seconds.
  path: Assets/Hannah/assets/mixamo/main_animations 1.controller
  artifactKey: Guid(840f950aac33c42fbb9348e8e568f2d8) Importer(815301076,1909f56bfc062723c751e8b465ee728b)
Start importing Assets/Hannah/assets/mixamo/main_animations 1.controller using Guid(840f950aac33c42fbb9348e8e568f2d8) Importer(815301076,1909f56bfc062723c751e8b465ee728b)  -> (artifact id: '3a0edc870792389951adc515dd9c566f') in 0.206586 seconds 
========================================================================
Received Prepare
Registering precompiled user dll's ...
Registered in 0.017578 seconds.
Begin MonoManager ReloadAssembly
Symbol file LoadedFromMemory doesn't match image /Users/doguma/Documents/GitHub/VR_StoryTelling/Library/PackageCache/com.unity.visualscripting@1.6.1/Editor/VisualScripting.Core/Dependencies/DotNetZip/Unity.VisualScripting.IonicZip.dll
Symbol file LoadedFromMemory doesn't match image /Users/doguma/Documents/GitHub/VR_StoryTelling/Library/PackageCache/com.unity.visualscripting@1.6.1/Editor/VisualScripting.Core/Dependencies/YamlDotNet/Unity.VisualScripting.YamlDotNet.dll
Native extension for OSXStandalone target not found
Refreshing native plugins compatible for Editor in 0.91 ms, found 2 plugins.
Preloading 0 native plugins for Editor in 0.00 ms.
Mono: successfully reloaded assembly
- Completed reload, in  1.373 seconds
Domain Reload Profiling:
	ReloadAssembly (1374ms)
		BeginReloadAssembly (150ms)
			ExecutionOrderSort (0ms)
			DisableScriptedObjects (5ms)
			BackupInstance (0ms)
			ReleaseScriptingObjects (0ms)
			CreateAndSetChildDomain (81ms)
		EndReloadAssembly (1144ms)
			LoadAssemblies (129ms)
			RebuildTransferFunctionScriptingTraits (0ms)
			SetupTypeCache (414ms)
			ReleaseScriptCaches (1ms)
			RebuildScriptCaches (66ms)
			SetupLoadedEditorAssemblies (387ms)
				LogAssemblyErrors (0ms)
				InitializePlatformSupportModulesInManaged (5ms)
				SetLoadedEditorAssemblies (0ms)
				RefreshPlugins (1ms)
				BeforeProcessingInitializeOnLoad (57ms)
				ProcessInitializeOnLoadAttributes (317ms)
				ProcessInitializeOnLoadMethodAttributes (5ms)
				AfterProcessingInitializeOnLoad (1ms)
				EditorAssembliesLoaded (0ms)
			ExecutionOrderSort2 (0ms)
			AwakeInstancesAfterBackupRestoration (14ms)
Platform modules already initialized, skipping
Refreshing native plugins compatible for Editor in 0.95 ms, found 2 plugins.
Preloading 0 native plugins for Editor in 0.00 ms.
Unloading 3523 Unused Serialized files (Serialized files now loaded: 0)
System memory in use before: 301.1 MB.
System memory in use after: 295.0 MB.

Unloading 33 unused Assets to reduce memory usage. Loaded Objects now: 4125.
Total: 3.951949 ms (FindLiveObjects: 0.252927 ms CreateObjectMapping: 0.137336 ms MarkObjects: 1.831270 ms  DeleteObjects: 1.729668 ms)

AssetImportParameters requested are different than current active one (requested -> active):
  custom:video-decoder-ogg-theora: a1e56fd34408186e4bbccfd4996cb3dc -> 
  custom:container-muxer-webm: aa71ff27fc2769a1b78a27578f13a17b -> 
  custom:container-demuxer-webm: 4f35f7cbe854078d1ac9338744f61a02 -> 
  custom:container-demuxer-ogg: 62fdf1f143b41e24485cea50d1cbac27 -> 
  custom:video-encoder-webm-vp8: eb34c28f22e8b96e1ab97ce403110664 -> 
  custom:framework-osx-AVFoundation: e770b220cccbd017edd2c1fefb359320 -> 
  custom:video-decoder-webm-vp8: 9c59270c3fd7afecdb556c50c9e8de78 -> 
  custom:audio-decoder-ogg-vorbis: bf7c407c2cedff20999df2af8eb42d56 -> 
  custom:audio-encoder-webm-vorbis: bf7c407c2cedff20999df2af8eb42d56 -> 
